<?xml version="1.0" encoding="UTF-8"?>
<!-- Generated by org.testng.reporters.JUnitReportReporter -->
<testsuite hostname="DESKTOP-MUEUS88" failures="0" tests="6" name="TestPackage.CarLease" time="0.079" errors="0" timestamp="9 Jan 2023 19:47:35 GMT">
  <testcase classname="TestPackage.CarLease" name="CarLeaseBranchLogin" time="0.011"/>
  <testcase classname="TestPackage.CarLease" name="CarLeaseAPPLogin" time="0.017"/>
  <testcase classname="TestPackage.CarLease" name="CarLeaseAPPLogin" time="0.008"/>
  <testcase classname="TestPackage.CarLease" name="CarLeaseWebLogin" time="0.001"/>
  <testcase classname="TestPackage.CarLease" name="CarLeaseWebLogin" time="0.008"/>
  <testcase classname="TestPackage.CarLease" name="CarLeaseBranchLogin" time="0.034"/>
</testsuite> <!-- TestPackage.CarLease -->
