<?xml version="1.0" encoding="UTF-8"?>
<!-- Generated by org.testng.reporters.JUnitReportReporter -->
<testsuite hostname="DESKTOP-MUEUS88" failures="0" tests="2" name="TestPackage.MortgageLoan" time="0.016" errors="0" timestamp="9 Jan 2023 19:01:42 GMT">
  <testcase classname="TestPackage.MortgageLoan" name="MortgageLoanWebLogin" time="0.002"/>
  <testcase classname="TestPackage.MortgageLoan" name="MortgageLoanBranchLogin" time="0.014"/>
</testsuite> <!-- TestPackage.MortgageLoan -->
