<?xml version="1.0" encoding="UTF-8"?>
<!-- Generated by org.testng.reporters.JUnitReportReporter -->
<testsuite hostname="DESKTOP-MUEUS88" failures="0" tests="3" name="TestPackage.SmartLoan" time="0.029" errors="0" timestamp="9 Jan 2023 19:24:33 GMT">
  <testcase classname="TestPackage.SmartLoan" name="SmartLoanBranchLogin" time="0.018"/>
  <testcase classname="TestPackage.SmartLoan" name="SmartLoanWebLogin" time="0.006"/>
  <testcase classname="TestPackage.SmartLoan" name="SmartLoanAPPLogin" time="0.005"/>
</testsuite> <!-- TestPackage.SmartLoan -->
