<?xml version="1.0" encoding="UTF-8"?>
<!-- Generated by org.testng.reporters.JUnitReportReporter -->
<testsuite hostname="DESKTOP-MUEUS88" failures="0" tests="3" name="TestPackage.FlexiLoan" time="0.025" errors="0" timestamp="9 Jan 2023 19:22:08 GMT">
  <testcase classname="TestPackage.FlexiLoan" name="FlexiLoanAPPLogin" time="0.019"/>
  <testcase classname="TestPackage.FlexiLoan" name="FlexiLoanBranchLogin" time="0.003"/>
  <testcase classname="TestPackage.FlexiLoan" name="FlexiLoanWebLogin" time="0.003"/>
</testsuite> <!-- TestPackage.FlexiLoan -->
