<?xml version="1.0" encoding="UTF-8"?>
<!-- Generated by org.testng.reporters.JUnitReportReporter -->
<testsuite hostname="DESKTOP-MUEUS88" failures="0" tests="6" name="TestPackage.CarBuy" time="0.036" errors="0" timestamp="9 Jan 2023 19:47:35 GMT">
  <testcase classname="TestPackage.CarBuy" name="CarBuyAPPLogin" time="0.008"/>
  <testcase classname="TestPackage.CarBuy" name="CarBuyBranchLogin" time="0.006"/>
  <testcase classname="TestPackage.CarBuy" name="CarBuyBranchLogin" time="0.002"/>
  <testcase classname="TestPackage.CarBuy" name="CarBuyWebLogin" time="0.002"/>
  <testcase classname="TestPackage.CarBuy" name="CarBuyWebLogin" time="0.016"/>
  <testcase classname="TestPackage.CarBuy" name="CarBuyAPPLogin" time="0.002"/>
</testsuite> <!-- TestPackage.CarBuy -->
